C:\Program Files (x86)\MSBuild\Microsoft.Cpp\v4.0\V140\Microsoft.CppClean.targets(76,5): warning : The process cannot access the file 'c:\faceanimator\faceanimator\x64\release\vc140.pdb' because it is being used by another process.
  ClientNetwork.cpp
  main.cpp
  MayaConnector.cpp
MayaConnector.cpp(17): warning C4101: 'e': unreferenced local variable
MayaConnector.cpp(31): warning C4305: 'initializing': truncation from 'double' to 'float'
MayaConnector.cpp(111): warning C4101: 'e': unreferenced local variable
  NetworkServices.cpp
  Socket.cpp
Socket.cpp(27): warning C4244: '=': conversion from 'SOCKET' to 'int', possible loss of data
Socket.cpp(74): warning C4244: '=': conversion from 'SOCKET' to 'int', possible loss of data
Socket.cpp(123): warning C4267: 'argument': conversion from 'size_t' to 'int', possible loss of data
Socket.cpp(146): warning C4267: 'argument': conversion from 'size_t' to 'int', possible loss of data
Socket.cpp(155): warning C4267: 'initializing': conversion from 'size_t' to 'int', possible loss of data
Socket.cpp(173): warning C4267: 'initializing': conversion from 'size_t' to 'int', possible loss of data
  Generating code
  All 5502 functions were compiled because no usable IPDB/IOBJ from previous compilation was found.
  Finished generating code
  FaceAnimator.vcxproj -> C:\FaceAnimator\x64\Release\FaceAnimator.exe
  FaceAnimator.vcxproj -> C:\FaceAnimator\x64\Release\FaceAnimator.pdb (Full PDB)
